build/app/intermediates/manifest_merge_blame_file/debug/manifest-merger-blame-debug-report.txt
1<?xml version="1.0" encoding="utf-8"?>
2<manifest xmlns:android="http://schemas.android.com/apk/res/android"
3    package="azza.telecom.devs.com.example.azza_telecom_clientes"
4    android:versionCode="1"
5    android:versionName="1.0.0" >
6
7    <uses-sdk
8        android:minSdkVersion="16"
9        android:targetSdkVersion="30" />
10    <!--
11         Flutter needs it to communicate with the running application
12         to allow setting breakpoints, to provide hot reload, etc.
13    -->
14    <uses-permission android:name="android.permission.INTERNET" />
14-->src\debug\AndroidManifest.xml:6:5-66
14-->src\debug\AndroidManifest.xml:6:22-64
15    <uses-permission android:name="android.permission.ACCESS_NETWORK_STATE" />
15-->[com.google.firebase:firebase-auth:21.0.1] AndroidManifest.xml:24:5-79
15-->[com.google.firebase:firebase-auth:21.0.1] AndroidManifest.xml:24:22-76
16    <uses-permission android:name="android.permission.WAKE_LOCK" />
16-->[androidx.work:work-runtime:2.5.0] AndroidManifest.xml:25:5-68
16-->[androidx.work:work-runtime:2.5.0] AndroidManifest.xml:25:22-65
17    <uses-permission android:name="android.permission.RECEIVE_BOOT_COMPLETED" />
17-->[androidx.work:work-runtime:2.5.0] AndroidManifest.xml:27:5-81
17-->[androidx.work:work-runtime:2.5.0] AndroidManifest.xml:27:22-78
18    <uses-permission android:name="android.permission.FOREGROUND_SERVICE" />
18-->[androidx.work:work-runtime:2.5.0] AndroidManifest.xml:28:5-77
18-->[androidx.work:work-runtime:2.5.0] AndroidManifest.xml:28:22-74
19
20    <application
20-->src\main\AndroidManifest.xml:3:4-40:19
21        android:name="androidx.multidex.MultiDexApplication"
22        android:appComponentFactory="androidx.core.app.CoreComponentFactory"
22-->[androidx.core:core:1.5.0] AndroidManifest.xml:24:18-86
23        android:debuggable="true"
24        android:icon="@mipmap/ic_launcher"
24-->src\main\AndroidManifest.xml:5:9-43
25        android:label="azza_telecom_clientes" >
25-->src\main\AndroidManifest.xml:4:9-46
26        <activity
26-->src\main\AndroidManifest.xml:6:9-34:20
27            android:name="azza.telecom.devs.com.example.azza_telecom_clientes.MainActivity"
27-->src\main\AndroidManifest.xml:7:13-41
28            android:configChanges="orientation|keyboardHidden|keyboard|screenSize|smallestScreenSize|locale|layoutDirection|fontScale|screenLayout|density|uiMode"
28-->src\main\AndroidManifest.xml:10:13-163
29            android:hardwareAccelerated="true"
29-->src\main\AndroidManifest.xml:11:13-47
30            android:launchMode="singleTop"
30-->src\main\AndroidManifest.xml:8:13-43
31            android:theme="@style/LaunchTheme"
31-->src\main\AndroidManifest.xml:9:13-47
32            android:windowSoftInputMode="adjustResize" >
32-->src\main\AndroidManifest.xml:12:13-55
33
34            <!--
35                 Specifies an Android theme to apply to this Activity as soon as
36                 the Android process has started. This theme is visible to the user
37                 while the Flutter UI initializes. After that, this theme continues
38                 to determine the Window background behind the Flutter UI.
39            -->
40            <meta-data
40-->src\main\AndroidManifest.xml:17:13-20:17
41                android:name="io.flutter.embedding.android.NormalTheme"
41-->src\main\AndroidManifest.xml:18:15-70
42                android:resource="@style/NormalTheme" />
42-->src\main\AndroidManifest.xml:19:15-52
43            <!--
44                 Displays an Android View that continues showing the launch screen
45                 Drawable until Flutter paints its first frame, then this splash
46                 screen fades out. A splash screen is useful to avoid any visual
47                 gap between the end of Android's launch screen and the painting of
48                 Flutter's first frame.
49            -->
50            <meta-data
50-->src\main\AndroidManifest.xml:26:13-29:17
51                android:name="io.flutter.embedding.android.SplashScreenDrawable"
51-->src\main\AndroidManifest.xml:27:15-79
52                android:resource="@drawable/launch_background" />
52-->src\main\AndroidManifest.xml:28:15-61
53
54            <intent-filter>
54-->src\main\AndroidManifest.xml:30:13-33:29
55                <action android:name="android.intent.action.MAIN" />
55-->src\main\AndroidManifest.xml:31:17-68
55-->src\main\AndroidManifest.xml:31:25-66
56
57                <category android:name="android.intent.category.LAUNCHER" />
57-->src\main\AndroidManifest.xml:32:17-76
57-->src\main\AndroidManifest.xml:32:27-74
58            </intent-filter>
59        </activity>
60        <!--
61             Don't delete the meta-data below.
62             This is used by the Flutter tool to generate GeneratedPluginRegistrant.java
63        -->
64        <meta-data
64-->src\main\AndroidManifest.xml:37:9-39:33
65            android:name="flutterEmbedding"
65-->src\main\AndroidManifest.xml:38:13-44
66            android:value="2" />
66-->src\main\AndroidManifest.xml:39:13-30
67
68        <service
68-->[:firebase_auth] AndroidManifest.xml:8:9-12:19
69            android:name="com.google.firebase.components.ComponentDiscoveryService"
69-->[:firebase_auth] AndroidManifest.xml:8:18-89
70            android:directBootAware="true"
70-->[com.google.firebase:firebase-common:20.0.0] AndroidManifest.xml:35:13-43
71            android:exported="false" >
71-->[com.google.firebase:firebase-auth:21.0.1] AndroidManifest.xml:76:13-37
72            <meta-data
72-->[:firebase_auth] AndroidManifest.xml:9:13-11:85
73                android:name="com.google.firebase.components:io.flutter.plugins.firebase.auth.FlutterFirebaseAuthRegistrar"
73-->[:firebase_auth] AndroidManifest.xml:10:17-124
74                android:value="com.google.firebase.components.ComponentRegistrar" />
74-->[:firebase_auth] AndroidManifest.xml:11:17-82
75            <meta-data
75-->[:cloud_firestore] AndroidManifest.xml:9:13-11:85
76                android:name="com.google.firebase.components:io.flutter.plugins.firebase.firestore.FlutterFirebaseFirestoreRegistrar"
76-->[:cloud_firestore] AndroidManifest.xml:10:17-134
77                android:value="com.google.firebase.components.ComponentRegistrar" />
77-->[:cloud_firestore] AndroidManifest.xml:11:17-82
78            <meta-data
78-->[:firebase_storage] AndroidManifest.xml:9:13-11:85
79                android:name="com.google.firebase.components:io.flutter.plugins.firebase.storage.FlutterFirebaseAppRegistrar"
79-->[:firebase_storage] AndroidManifest.xml:10:17-126
80                android:value="com.google.firebase.components.ComponentRegistrar" />
80-->[:firebase_storage] AndroidManifest.xml:11:17-82
81            <meta-data
81-->[:firebase_core] AndroidManifest.xml:9:13-11:85
82                android:name="com.google.firebase.components:io.flutter.plugins.firebase.core.FlutterFirebaseCoreRegistrar"
82-->[:firebase_core] AndroidManifest.xml:10:17-124
83                android:value="com.google.firebase.components.ComponentRegistrar" />
83-->[:firebase_core] AndroidManifest.xml:11:17-82
84            <meta-data
84-->[com.google.firebase:firebase-auth:21.0.1] AndroidManifest.xml:77:13-79:85
85                android:name="com.google.firebase.components:com.google.firebase.auth.FirebaseAuthRegistrar"
85-->[com.google.firebase:firebase-auth:21.0.1] AndroidManifest.xml:78:17-109
86                android:value="com.google.firebase.components.ComponentRegistrar" />
86-->[com.google.firebase:firebase-auth:21.0.1] AndroidManifest.xml:79:17-82
87            <meta-data
87-->[com.google.firebase:firebase-firestore:23.0.1] AndroidManifest.xml:20:13-22:85
88                android:name="com.google.firebase.components:com.google.firebase.firestore.FirestoreRegistrar"
88-->[com.google.firebase:firebase-firestore:23.0.1] AndroidManifest.xml:21:17-111
89                android:value="com.google.firebase.components.ComponentRegistrar" />
89-->[com.google.firebase:firebase-firestore:23.0.1] AndroidManifest.xml:22:17-82
90            <meta-data
90-->[com.google.firebase:firebase-storage:20.0.0] AndroidManifest.xml:33:13-35:85
91                android:name="com.google.firebase.components:com.google.firebase.storage.StorageRegistrar"
91-->[com.google.firebase:firebase-storage:20.0.0] AndroidManifest.xml:34:17-107
92                android:value="com.google.firebase.components.ComponentRegistrar" />
92-->[com.google.firebase:firebase-storage:20.0.0] AndroidManifest.xml:35:17-82
93        </service>
94
95        <activity
95-->[com.google.firebase:firebase-auth:21.0.1] AndroidManifest.xml:27:9-44:20
96            android:name="com.google.firebase.auth.internal.GenericIdpActivity"
96-->[com.google.firebase:firebase-auth:21.0.1] AndroidManifest.xml:28:13-80
97            android:excludeFromRecents="true"
97-->[com.google.firebase:firebase-auth:21.0.1] AndroidManifest.xml:29:13-46
98            android:exported="true"
98-->[com.google.firebase:firebase-auth:21.0.1] AndroidManifest.xml:30:13-36
99            android:launchMode="singleTask"
99-->[com.google.firebase:firebase-auth:21.0.1] AndroidManifest.xml:31:13-44
100            android:theme="@android:style/Theme.Translucent.NoTitleBar" >
100-->[com.google.firebase:firebase-auth:21.0.1] AndroidManifest.xml:32:13-72
101            <intent-filter>
101-->[com.google.firebase:firebase-auth:21.0.1] AndroidManifest.xml:33:13-43:29
102                <action android:name="android.intent.action.VIEW" />
102-->[com.google.firebase:firebase-auth:21.0.1] AndroidManifest.xml:34:17-69
102-->[com.google.firebase:firebase-auth:21.0.1] AndroidManifest.xml:34:25-66
103
104                <category android:name="android.intent.category.DEFAULT" />
104-->[com.google.firebase:firebase-auth:21.0.1] AndroidManifest.xml:36:17-76
104-->[com.google.firebase:firebase-auth:21.0.1] AndroidManifest.xml:36:27-73
105                <category android:name="android.intent.category.BROWSABLE" />
105-->[com.google.firebase:firebase-auth:21.0.1] AndroidManifest.xml:37:17-78
105-->[com.google.firebase:firebase-auth:21.0.1] AndroidManifest.xml:37:27-75
106
107                <data
107-->[com.google.firebase:firebase-auth:21.0.1] AndroidManifest.xml:39:17-42:51
108                    android:host="firebase.auth"
108-->[com.google.firebase:firebase-auth:21.0.1] AndroidManifest.xml:40:21-49
109                    android:path="/"
109-->[com.google.firebase:firebase-auth:21.0.1] AndroidManifest.xml:41:21-37
110                    android:scheme="genericidp" />
110-->[com.google.firebase:firebase-auth:21.0.1] AndroidManifest.xml:42:21-48
111            </intent-filter>
112        </activity>
113        <activity
113-->[com.google.firebase:firebase-auth:21.0.1] AndroidManifest.xml:45:9-62:20
114            android:name="com.google.firebase.auth.internal.RecaptchaActivity"
114-->[com.google.firebase:firebase-auth:21.0.1] AndroidManifest.xml:46:13-79
115            android:excludeFromRecents="true"
115-->[com.google.firebase:firebase-auth:21.0.1] AndroidManifest.xml:47:13-46
116            android:exported="true"
116-->[com.google.firebase:firebase-auth:21.0.1] AndroidManifest.xml:48:13-36
117            android:launchMode="singleTask"
117-->[com.google.firebase:firebase-auth:21.0.1] AndroidManifest.xml:49:13-44
118            android:theme="@android:style/Theme.Translucent.NoTitleBar" >
118-->[com.google.firebase:firebase-auth:21.0.1] AndroidManifest.xml:50:13-72
119            <intent-filter>
119-->[com.google.firebase:firebase-auth:21.0.1] AndroidManifest.xml:51:13-61:29
120                <action android:name="android.intent.action.VIEW" />
120-->[com.google.firebase:firebase-auth:21.0.1] AndroidManifest.xml:34:17-69
120-->[com.google.firebase:firebase-auth:21.0.1] AndroidManifest.xml:34:25-66
121
122                <category android:name="android.intent.category.DEFAULT" />
122-->[com.google.firebase:firebase-auth:21.0.1] AndroidManifest.xml:36:17-76
122-->[com.google.firebase:firebase-auth:21.0.1] AndroidManifest.xml:36:27-73
123                <category android:name="android.intent.category.BROWSABLE" />
123-->[com.google.firebase:firebase-auth:21.0.1] AndroidManifest.xml:37:17-78
123-->[com.google.firebase:firebase-auth:21.0.1] AndroidManifest.xml:37:27-75
124
125                <data
125-->[com.google.firebase:firebase-auth:21.0.1] AndroidManifest.xml:39:17-42:51
126                    android:host="firebase.auth"
126-->[com.google.firebase:firebase-auth:21.0.1] AndroidManifest.xml:40:21-49
127                    android:path="/"
127-->[com.google.firebase:firebase-auth:21.0.1] AndroidManifest.xml:41:21-37
128                    android:scheme="recaptcha" />
128-->[com.google.firebase:firebase-auth:21.0.1] AndroidManifest.xml:42:21-48
129            </intent-filter>
130        </activity>
131
132        <service
132-->[com.google.firebase:firebase-auth:21.0.1] AndroidManifest.xml:64:9-73:19
133            android:name="com.google.firebase.auth.api.fallback.service.FirebaseAuthFallbackService"
133-->[com.google.firebase:firebase-auth:21.0.1] AndroidManifest.xml:65:13-101
134            android:enabled="true"
134-->[com.google.firebase:firebase-auth:21.0.1] AndroidManifest.xml:66:13-35
135            android:exported="false" >
135-->[com.google.firebase:firebase-auth:21.0.1] AndroidManifest.xml:67:13-37
136            <intent-filter>
136-->[com.google.firebase:firebase-auth:21.0.1] AndroidManifest.xml:68:13-72:29
137                <action android:name="com.google.firebase.auth.api.gms.service.START" />
137-->[com.google.firebase:firebase-auth:21.0.1] AndroidManifest.xml:69:17-89
137-->[com.google.firebase:firebase-auth:21.0.1] AndroidManifest.xml:69:25-86
138
139                <category android:name="android.intent.category.DEFAULT" />
139-->[com.google.firebase:firebase-auth:21.0.1] AndroidManifest.xml:36:17-76
139-->[com.google.firebase:firebase-auth:21.0.1] AndroidManifest.xml:36:27-73
140            </intent-filter>
141        </service>
142
143        <provider
143-->[androidx.work:work-runtime:2.5.0] AndroidManifest.xml:31:9-37:35
144            android:name="androidx.work.impl.WorkManagerInitializer"
144-->[androidx.work:work-runtime:2.5.0] AndroidManifest.xml:32:13-69
145            android:authorities="azza.telecom.devs.com.example.azza_telecom_clientes.workmanager-init"
145-->[androidx.work:work-runtime:2.5.0] AndroidManifest.xml:33:13-68
146            android:directBootAware="false"
146-->[androidx.work:work-runtime:2.5.0] AndroidManifest.xml:34:13-44
147            android:exported="false"
147-->[androidx.work:work-runtime:2.5.0] AndroidManifest.xml:35:13-37
148            android:multiprocess="true" />
148-->[androidx.work:work-runtime:2.5.0] AndroidManifest.xml:36:13-40
149
150        <service
150-->[androidx.work:work-runtime:2.5.0] AndroidManifest.xml:39:9-44:35
151            android:name="androidx.work.impl.background.systemalarm.SystemAlarmService"
151-->[androidx.work:work-runtime:2.5.0] AndroidManifest.xml:40:13-88
152            android:directBootAware="false"
152-->[androidx.work:work-runtime:2.5.0] AndroidManifest.xml:41:13-44
153            android:enabled="@bool/enable_system_alarm_service_default"
153-->[androidx.work:work-runtime:2.5.0] AndroidManifest.xml:42:13-72
154            android:exported="false" />
154-->[androidx.work:work-runtime:2.5.0] AndroidManifest.xml:43:13-37
155        <service
155-->[androidx.work:work-runtime:2.5.0] AndroidManifest.xml:45:9-51:35
156            android:name="androidx.work.impl.background.systemjob.SystemJobService"
156-->[androidx.work:work-runtime:2.5.0] AndroidManifest.xml:46:13-84
157            android:directBootAware="false"
157-->[androidx.work:work-runtime:2.5.0] AndroidManifest.xml:47:13-44
158            android:enabled="@bool/enable_system_job_service_default"
158-->[androidx.work:work-runtime:2.5.0] AndroidManifest.xml:48:13-70
159            android:exported="true"
159-->[androidx.work:work-runtime:2.5.0] AndroidManifest.xml:49:13-36
160            android:permission="android.permission.BIND_JOB_SERVICE" />
160-->[androidx.work:work-runtime:2.5.0] AndroidManifest.xml:50:13-69
161        <service
161-->[androidx.work:work-runtime:2.5.0] AndroidManifest.xml:52:9-57:35
162            android:name="androidx.work.impl.foreground.SystemForegroundService"
162-->[androidx.work:work-runtime:2.5.0] AndroidManifest.xml:53:13-81
163            android:directBootAware="false"
163-->[androidx.work:work-runtime:2.5.0] AndroidManifest.xml:54:13-44
164            android:enabled="@bool/enable_system_foreground_service_default"
164-->[androidx.work:work-runtime:2.5.0] AndroidManifest.xml:55:13-77
165            android:exported="false" />
165-->[androidx.work:work-runtime:2.5.0] AndroidManifest.xml:56:13-37
166
167        <receiver
167-->[androidx.work:work-runtime:2.5.0] AndroidManifest.xml:59:9-64:35
168            android:name="androidx.work.impl.utils.ForceStopRunnable$BroadcastReceiver"
168-->[androidx.work:work-runtime:2.5.0] AndroidManifest.xml:60:13-88
169            android:directBootAware="false"
169-->[androidx.work:work-runtime:2.5.0] AndroidManifest.xml:61:13-44
170            android:enabled="true"
170-->[androidx.work:work-runtime:2.5.0] AndroidManifest.xml:62:13-35
171            android:exported="false" />
171-->[androidx.work:work-runtime:2.5.0] AndroidManifest.xml:63:13-37
172        <receiver
172-->[androidx.work:work-runtime:2.5.0] AndroidManifest.xml:65:9-75:20
173            android:name="androidx.work.impl.background.systemalarm.ConstraintProxy$BatteryChargingProxy"
173-->[androidx.work:work-runtime:2.5.0] AndroidManifest.xml:66:13-106
174            android:directBootAware="false"
174-->[androidx.work:work-runtime:2.5.0] AndroidManifest.xml:67:13-44
175            android:enabled="false"
175-->[androidx.work:work-runtime:2.5.0] AndroidManifest.xml:68:13-36
176            android:exported="false" >
176-->[androidx.work:work-runtime:2.5.0] AndroidManifest.xml:69:13-37
177            <intent-filter>
177-->[androidx.work:work-runtime:2.5.0] AndroidManifest.xml:71:13-74:29
178                <action android:name="android.intent.action.ACTION_POWER_CONNECTED" />
178-->[androidx.work:work-runtime:2.5.0] AndroidManifest.xml:72:17-87
178-->[androidx.work:work-runtime:2.5.0] AndroidManifest.xml:72:25-84
179                <action android:name="android.intent.action.ACTION_POWER_DISCONNECTED" />
179-->[androidx.work:work-runtime:2.5.0] AndroidManifest.xml:73:17-90
179-->[androidx.work:work-runtime:2.5.0] AndroidManifest.xml:73:25-87
180            </intent-filter>
181        </receiver>
182        <receiver
182-->[androidx.work:work-runtime:2.5.0] AndroidManifest.xml:76:9-86:20
183            android:name="androidx.work.impl.background.systemalarm.ConstraintProxy$BatteryNotLowProxy"
183-->[androidx.work:work-runtime:2.5.0] AndroidManifest.xml:77:13-104
184            android:directBootAware="false"
184-->[androidx.work:work-runtime:2.5.0] AndroidManifest.xml:78:13-44
185            android:enabled="false"
185-->[androidx.work:work-runtime:2.5.0] AndroidManifest.xml:79:13-36
186            android:exported="false" >
186-->[androidx.work:work-runtime:2.5.0] AndroidManifest.xml:80:13-37
187            <intent-filter>
187-->[androidx.work:work-runtime:2.5.0] AndroidManifest.xml:82:13-85:29
188                <action android:name="android.intent.action.BATTERY_OKAY" />
188-->[androidx.work:work-runtime:2.5.0] AndroidManifest.xml:83:17-77
188-->[androidx.work:work-runtime:2.5.0] AndroidManifest.xml:83:25-74
189                <action android:name="android.intent.action.BATTERY_LOW" />
189-->[androidx.work:work-runtime:2.5.0] AndroidManifest.xml:84:17-76
189-->[androidx.work:work-runtime:2.5.0] AndroidManifest.xml:84:25-73
190            </intent-filter>
191        </receiver>
192        <receiver
192-->[androidx.work:work-runtime:2.5.0] AndroidManifest.xml:87:9-97:20
193            android:name="androidx.work.impl.background.systemalarm.ConstraintProxy$StorageNotLowProxy"
193-->[androidx.work:work-runtime:2.5.0] AndroidManifest.xml:88:13-104
194            android:directBootAware="false"
194-->[androidx.work:work-runtime:2.5.0] AndroidManifest.xml:89:13-44
195            android:enabled="false"
195-->[androidx.work:work-runtime:2.5.0] AndroidManifest.xml:90:13-36
196            android:exported="false" >
196-->[androidx.work:work-runtime:2.5.0] AndroidManifest.xml:91:13-37
197            <intent-filter>
197-->[androidx.work:work-runtime:2.5.0] AndroidManifest.xml:93:13-96:29
198                <action android:name="android.intent.action.DEVICE_STORAGE_LOW" />
198-->[androidx.work:work-runtime:2.5.0] AndroidManifest.xml:94:17-83
198-->[androidx.work:work-runtime:2.5.0] AndroidManifest.xml:94:25-80
199                <action android:name="android.intent.action.DEVICE_STORAGE_OK" />
199-->[androidx.work:work-runtime:2.5.0] AndroidManifest.xml:95:17-82
199-->[androidx.work:work-runtime:2.5.0] AndroidManifest.xml:95:25-79
200            </intent-filter>
201        </receiver>
202        <receiver
202-->[androidx.work:work-runtime:2.5.0] AndroidManifest.xml:98:9-107:20
203            android:name="androidx.work.impl.background.systemalarm.ConstraintProxy$NetworkStateProxy"
203-->[androidx.work:work-runtime:2.5.0] AndroidManifest.xml:99:13-103
204            android:directBootAware="false"
204-->[androidx.work:work-runtime:2.5.0] AndroidManifest.xml:100:13-44
205            android:enabled="false"
205-->[androidx.work:work-runtime:2.5.0] AndroidManifest.xml:101:13-36
206            android:exported="false" >
206-->[androidx.work:work-runtime:2.5.0] AndroidManifest.xml:102:13-37
207            <intent-filter>
207-->[androidx.work:work-runtime:2.5.0] AndroidManifest.xml:104:13-106:29
208                <action android:name="android.net.conn.CONNECTIVITY_CHANGE" />
208-->[androidx.work:work-runtime:2.5.0] AndroidManifest.xml:105:17-79
208-->[androidx.work:work-runtime:2.5.0] AndroidManifest.xml:105:25-76
209            </intent-filter>
210        </receiver>
211        <receiver
211-->[androidx.work:work-runtime:2.5.0] AndroidManifest.xml:108:9-119:20
212            android:name="androidx.work.impl.background.systemalarm.RescheduleReceiver"
212-->[androidx.work:work-runtime:2.5.0] AndroidManifest.xml:109:13-88
213            android:directBootAware="false"
213-->[androidx.work:work-runtime:2.5.0] AndroidManifest.xml:110:13-44
214            android:enabled="false"
214-->[androidx.work:work-runtime:2.5.0] AndroidManifest.xml:111:13-36
215            android:exported="false" >
215-->[androidx.work:work-runtime:2.5.0] AndroidManifest.xml:112:13-37
216            <intent-filter>
216-->[androidx.work:work-runtime:2.5.0] AndroidManifest.xml:114:13-118:29
217                <action android:name="android.intent.action.BOOT_COMPLETED" />
217-->[androidx.work:work-runtime:2.5.0] AndroidManifest.xml:115:17-79
217-->[androidx.work:work-runtime:2.5.0] AndroidManifest.xml:115:25-76
218                <action android:name="android.intent.action.TIME_SET" />
218-->[androidx.work:work-runtime:2.5.0] AndroidManifest.xml:116:17-73
218-->[androidx.work:work-runtime:2.5.0] AndroidManifest.xml:116:25-70
219                <action android:name="android.intent.action.TIMEZONE_CHANGED" />
219-->[androidx.work:work-runtime:2.5.0] AndroidManifest.xml:117:17-81
219-->[androidx.work:work-runtime:2.5.0] AndroidManifest.xml:117:25-78
220            </intent-filter>
221        </receiver>
222        <receiver
222-->[androidx.work:work-runtime:2.5.0] AndroidManifest.xml:120:9-129:20
223            android:name="androidx.work.impl.background.systemalarm.ConstraintProxyUpdateReceiver"
223-->[androidx.work:work-runtime:2.5.0] AndroidManifest.xml:121:13-99
224            android:directBootAware="false"
224-->[androidx.work:work-runtime:2.5.0] AndroidManifest.xml:122:13-44
225            android:enabled="@bool/enable_system_alarm_service_default"
225-->[androidx.work:work-runtime:2.5.0] AndroidManifest.xml:123:13-72
226            android:exported="false" >
226-->[androidx.work:work-runtime:2.5.0] AndroidManifest.xml:124:13-37
227            <intent-filter>
227-->[androidx.work:work-runtime:2.5.0] AndroidManifest.xml:126:13-128:29
228                <action android:name="androidx.work.impl.background.systemalarm.UpdateProxies" />
228-->[androidx.work:work-runtime:2.5.0] AndroidManifest.xml:127:17-98
228-->[androidx.work:work-runtime:2.5.0] AndroidManifest.xml:127:25-95
229            </intent-filter>
230        </receiver>
231        <receiver
231-->[androidx.work:work-runtime:2.5.0] AndroidManifest.xml:130:9-140:20
232            android:name="androidx.work.impl.diagnostics.DiagnosticsReceiver"
232-->[androidx.work:work-runtime:2.5.0] AndroidManifest.xml:131:13-78
233            android:directBootAware="false"
233-->[androidx.work:work-runtime:2.5.0] AndroidManifest.xml:132:13-44
234            android:enabled="true"
234-->[androidx.work:work-runtime:2.5.0] AndroidManifest.xml:133:13-35
235            android:exported="true"
235-->[androidx.work:work-runtime:2.5.0] AndroidManifest.xml:134:13-36
236            android:permission="android.permission.DUMP" >
236-->[androidx.work:work-runtime:2.5.0] AndroidManifest.xml:135:13-57
237            <intent-filter>
237-->[androidx.work:work-runtime:2.5.0] AndroidManifest.xml:137:13-139:29
238                <action android:name="androidx.work.diagnostics.REQUEST_DIAGNOSTICS" />
238-->[androidx.work:work-runtime:2.5.0] AndroidManifest.xml:138:17-88
238-->[androidx.work:work-runtime:2.5.0] AndroidManifest.xml:138:25-85
239            </intent-filter>
240        </receiver>
241
242        <activity
242-->[com.google.android.gms:play-services-base:17.1.0] AndroidManifest.xml:23:9-26:75
243            android:name="com.google.android.gms.common.api.GoogleApiActivity"
243-->[com.google.android.gms:play-services-base:17.1.0] AndroidManifest.xml:24:13-79
244            android:exported="false"
244-->[com.google.android.gms:play-services-base:17.1.0] AndroidManifest.xml:25:13-37
245            android:theme="@android:style/Theme.Translucent.NoTitleBar" />
245-->[com.google.android.gms:play-services-base:17.1.0] AndroidManifest.xml:26:13-72
246
247        <provider
247-->[com.google.firebase:firebase-common:20.0.0] AndroidManifest.xml:26:9-31:39
248            android:name="com.google.firebase.provider.FirebaseInitProvider"
248-->[com.google.firebase:firebase-common:20.0.0] AndroidManifest.xml:27:13-77
249            android:authorities="azza.telecom.devs.com.example.azza_telecom_clientes.firebaseinitprovider"
249-->[com.google.firebase:firebase-common:20.0.0] AndroidManifest.xml:28:13-72
250            android:directBootAware="true"
250-->[com.google.firebase:firebase-common:20.0.0] AndroidManifest.xml:29:13-43
251            android:exported="false"
251-->[com.google.firebase:firebase-common:20.0.0] AndroidManifest.xml:30:13-37
252            android:initOrder="100" />
252-->[com.google.firebase:firebase-common:20.0.0] AndroidManifest.xml:31:13-36
253
254        <meta-data
254-->[com.google.android.gms:play-services-basement:17.1.0] AndroidManifest.xml:23:9-25:69
255            android:name="com.google.android.gms.version"
255-->[com.google.android.gms:play-services-basement:17.1.0] AndroidManifest.xml:24:13-58
256            android:value="@integer/google_play_services_version" />
256-->[com.google.android.gms:play-services-basement:17.1.0] AndroidManifest.xml:25:13-66
257
258        <service
258-->[androidx.room:room-runtime:2.2.5] AndroidManifest.xml:25:9-28:40
259            android:name="androidx.room.MultiInstanceInvalidationService"
259-->[androidx.room:room-runtime:2.2.5] AndroidManifest.xml:26:13-74
260            android:directBootAware="true"
260-->[androidx.room:room-runtime:2.2.5] AndroidManifest.xml:27:13-43
261            android:exported="false" />
261-->[androidx.room:room-runtime:2.2.5] AndroidManifest.xml:28:13-37
262    </application>
263
264</manifest>